
Showing logs for build [32mjenkins-x-labs-bot-bdd-gh-15863-kxds7-1[0m stage [32mfrom-build-pack[0m and container [32mstep-credential-initializer-2rrpm[0m
{"level":"warn","ts":1586334843.0861092,"logger":"fallback-logger","caller":"logging/config.go:69","msg":"Fetch GitHub commit ID from kodata failed: \"ref: refs/heads/0.8.0-**-support-backwards-incompats\" is not a valid GitHub commit ID"}
{"level":"info","ts":1586334843.0866344,"logger":"fallback-logger","caller":"creds-init/main.go:40","msg":"Credentials initialized."}

Showing logs for build [32mjenkins-x-labs-bot-bdd-gh-15863-kxds7-1[0m stage [32mfrom-build-pack[0m and container [32mstep-working-dir-initializer-fbx5j[0m
{"level":"warn","ts":1586334843.578429,"logger":"fallback-logger","caller":"logging/config.go:69","msg":"Fetch GitHub commit ID from kodata failed: open /var/run/ko/HEAD: no such file or directory"}
{"level":"info","ts":1586334843.5793996,"logger":"fallback-logger","caller":"bash/main.go:64","msg":"Successfully executed command \"sh -c mkdir -p /workspace/source\"; output "}

Showing logs for build [32mjenkins-x-labs-bot-bdd-gh-15863-kxds7-1[0m stage [32mfrom-build-pack[0m and container [32mstep-place-tools[0m

Showing logs for build [32mjenkins-x-labs-bot-bdd-gh-15863-kxds7-1[0m stage [32mfrom-build-pack[0m and container [32mstep-git-source-jenkins-x-labs-bot-bdd-gh-15863-kxds7-hzlsc[0m
{"level":"warn","ts":1586334849.7170658,"logger":"fallback-logger","caller":"logging/config.go:69","msg":"Fetch GitHub commit ID from kodata failed: \"ref: refs/heads/0.8.0-**-support-backwards-incompats\" is not a valid GitHub commit ID"}
{"level":"info","ts":1586334850.7931237,"logger":"fallback-logger","caller":"git/git.go:103","msg":"Successfully cloned https://github.com/******************/bdd-gh-1586334354.git @ master in path /workspace/source"}

Showing logs for build [32mjenkins-x-labs-bot-bdd-gh-15863-kxds7-1[0m stage [32mfrom-build-pack[0m and container [32mstep-git-merge[0m
Using SHAs from PULL_REFS=master:45be260fc0938a871c3c40ceb06fe1f768a980ff,1:6ce97e296569fcfa4a2a43d5c397311bc40d0370
DEBUG: LC_ALL=C JX_LOG_LEVEL=error git fetch origin --unshallow 6ce97e296569fcfa4a2a43d5c397311bc40d0370: 45be260fc0938a871c3c40ceb06fe1f768a980ff:
DEBUG: ran git fetch --unshallow origin 6ce97e296569fcfa4a2a43d5c397311bc40d0370: 45be260fc0938a871c3c40ceb06fe1f768a980ff: in 
DEBUG: LC_ALL=C JX_LOG_LEVEL=error git branch
DEBUG: LC_ALL=C JX_LOG_LEVEL=error git checkout master
DEBUG: ran git checkout master in 
DEBUG: LC_ALL=C JX_LOG_LEVEL=error git reset --hard 45be260fc0938a871c3c40ceb06fe1f768a980ff
DEBUG: ran git reset --hard 45be260fc0938a871c3c40ceb06fe1f768a980ff in 
DEBUG: LC_ALL=C JX_LOG_LEVEL=error git clean -fd .
DEBUG: ran clean --force -d . in 
DEBUG: LC_ALL=C JX_LOG_LEVEL=error git merge 6ce97e296569fcfa4a2a43d5c397311bc40d0370
DEBUG: ran git merge 6ce97e296569fcfa4a2a43d5c397311bc40d0370 in 
DEBUG: LC_ALL=C JX_LOG_LEVEL=error git log --format=%H%x1f%an%x1f%ae%x1f%cn%x1f%ce%x1f%s%n%b%x1e 45be260fc0938a871c3c40ceb06fe1f768a980ff..HEAD
Merged SHA 6ce97e296569fcfa4a2a43d5c397311bc40d0370 with commit message 'My first PR commit' into base branch master

Showing logs for build [32mjenkins-x-labs-bot-bdd-gh-15863-kxds7-1[0m stage [32mfrom-build-pack[0m and container [32mstep-build-make-linux[0m
CGO_ENABLED=0 GOOS=linux GOARCH=amd64 GO15VENDOREXPERIMENT=1 go build -ldflags '' -o bin/bdd-gh-1586334354 main.go

Showing logs for build [32mjenkins-x-labs-bot-bdd-gh-15863-kxds7-1[0m stage [32mfrom-build-pack[0m and container [32mstep-build-container-build[0m
ERROR: logging before flag.Parse: E0408 08:34:17.473280      12 metadata.go:241] Failed to unmarshal scopes: invalid character 'h' looking for beginning of value
[36mINFO[0m[0000] No base image, nothing to extract            
[36mINFO[0m[0000] cmd: EXPOSE                                  
[36mINFO[0m[0000] Adding exposed port: 8080/tcp                
[36mINFO[0m[0000] Using files from context: [/workspace/source/bin] 
[36mINFO[0m[0000] Skipping unpacking as no commands require it. 
[36mINFO[0m[0000] Taking snapshot of full filesystem...        
[36mINFO[0m[0000] EXPOSE 8080                                  
[36mINFO[0m[0000] cmd: EXPOSE                                  
[36mINFO[0m[0000] Adding exposed port: 8080/tcp                
[36mINFO[0m[0000] No files changed in this command, skipping snapshotting. 
[36mINFO[0m[0000] ENTRYPOINT ["/bdd-gh-1586334354"]            
[36mINFO[0m[0000] No files changed in this command, skipping snapshotting. 
[36mINFO[0m[0000] Using files from context: [/workspace/source/bin] 
[36mINFO[0m[0000] COPY ./bin/ /                                
[36mINFO[0m[0000] Taking snapshot of files...                  
2020/04/08 08:34:21 pushed blob: sha256:5c5efa7dceac1925c4749d2b26e01464dd0a378de535eac9a2421340aeb4750f
2020/04/08 08:34:22 pushed blob: sha256:ce0d3fe9d2cf8c0c83e001bbef82d64f9f4e28860af5aa76c6fca8313328c034
2020/04/08 08:34:23 gcr.io/jenkins-x-labs-bdd/bdd-gh-1586334354:0.0.0-SNAPSHOT-PR-1-1: digest: sha256:d95770c08637e13ca76ec9e5419ab02c710b9d045ee9b63fec76261d0611ed0e size: 428

Showing logs for build [32mjenkins-x-labs-bot-bdd-gh-15863-kxds7-1[0m stage [32mfrom-build-pack[0m and container [32mstep-postbuild-post-build[0m
no CVE provider running in the current ** namespace so skip adding image to be analysed

Showing logs for build [32mjenkins-x-labs-bot-bdd-gh-15863-kxds7-1[0m stage [32mfrom-build-pack[0m and container [32mstep-promote-make-preview[0m
sed -i -e "s/version:.*/version: 0.0.0-SNAPSHOT-PR-1-1/" Chart.yaml
sed -i -e "s/version:.*/version: 0.0.0-SNAPSHOT-PR-1-1/" ../*/Chart.yaml
sed -i -e "s|repository:.*|repository: gcr.io\/jenkins-x-labs-bdd\/bdd-gh-1586334354|" values.yaml
sed -i -e "s/tag:.*/tag: 0.0.0-SNAPSHOT-PR-1-1/" values.yaml
echo "  version: 0.0.0-SNAPSHOT-PR-1-1" >> requirements.yaml
** step helm build
WARNING: No $CHART_REPOSITORY defined so using the default value of: http://jenkins-x-chartmuseum:8080
Adding missing Helm repo: storage.googleapis.com https://storage.googleapis.com/chartmuseum.jenkins-x.io
Successfully added Helm repository storage.googleapis.com.
Adding missing Helm repo: jenkins-x-chartmuseum http://jenkins-x-chartmuseum:8080
Successfully added Helm repository jenkins-x-chartmuseum.
WARNING: No $CHART_REPOSITORY defined so using the default value of: http://jenkins-x-chartmuseum:8080

Showing logs for build [32mjenkins-x-labs-bot-bdd-gh-15863-kxds7-1[0m stage [32mfrom-build-pack[0m and container [32mstep-promote-jx-preview[0m
Creating a preview
Created environment ******************-bdd-gh-1586334354-pr-1
Namespace **-******************-bdd-gh-1586334354-pr-1 created 
expose:
  Annotations:
    helm.sh/hook: post-install,post-upgrade
    helm.sh/hook-delete-policy: hook-succeeded
  config:
    domain: 34.77.29.216.nip.io
    exposer: Ingress
    http: "true"
preview:
  image:
    repository: gcr.io/jenkins-x-labs-bdd/bdd-gh-1586334354
    tag: 0.0.0-SNAPSHOT-PR-1-1
adding helm values file /workspace/source/charts/preview/**Requirements.values.yaml for namespace **-******************-bdd-gh-1586334354-pr-1
Updating PipelineActivities ******************-bdd-gh-1586334354-pr-1-1 which has status Running
WARNING: preview application http://bdd-gh-1586334354-**-******************-bdd-gh-1586334354-pr-1.34.77.29.216.nip.io not available, error was 503 503 Service Temporarily Unavailable, delaying for: 1.252573036s
Preview application is now available at: http://bdd-gh-1586334354-**-******************-bdd-gh-1586334354-pr-1.34.77.29.216.nip.io
